

Microchip MPLAB XC8 Assembler V2.31 build 20201012212115 
                                                                                               Tue Apr 27 07:25:33 2021

Microchip MPLAB XC8 C Compiler v2.31 (Free license) build 20201012212115 Og1 
     1                           	processor	16F887
     2                           	pagewidth 120
     3                           	opt	flic
     4                           	psect	cinit,global,class=CODE,merge=1,delta=2
     5                           	psect	cstackCOMMON,global,class=COMMON,space=1,delta=1,noexec
     6                           	psect	maintext,global,class=CODE,split=1,delta=2
     7                           	psect	text1,local,class=CODE,merge=1,delta=2
     8                           	psect	text2,local,class=CODE,merge=1,delta=2
     9                           	psect	intentry,global,class=CODE,delta=2
    10                           	psect	config,global,abs,ovrld,class=CONFIG,space=4,delta=2,noexec
    11                           	dabs	1,0x7E,2
    12  0000                     
    13                           ; Version 2.20
    14                           ; Generated 12/02/2020 GMT
    15                           ; 
    16                           ; Copyright © 2020, Microchip Technology Inc. and its subsidiaries ("Microchip")
    17                           ; All rights reserved.
    18                           ; 
    19                           ; This software is developed by Microchip Technology Inc. and its subsidiaries ("Microch
      +                          ip").
    20                           ; 
    21                           ; Redistribution and use in source and binary forms, with or without modification, are
    22                           ; permitted provided that the following conditions are met:
    23                           ; 
    24                           ;     1. Redistributions of source code must retain the above copyright notice, this lis
      +                          t of
    25                           ;        conditions and the following disclaimer.
    26                           ; 
    27                           ;     2. Redistributions in binary form must reproduce the above copyright notice, this 
      +                          list
    28                           ;        of conditions and the following disclaimer in the documentation and/or other
    29                           ;        materials provided with the distribution.
    30                           ; 
    31                           ;     3. Microchip's name may not be used to endorse or promote products derived from th
      +                          is
    32                           ;        software without specific prior written permission.
    33                           ; 
    34                           ; THIS SOFTWARE IS PROVIDED BY MICROCHIP "AS IS" AND ANY EXPRESS OR IMPLIED WARRANTIES,
    35                           ; INCLUDING, BUT NOT LIMITED TO, THE IMPLIED WARRANTIES OF MERCHANTABILITY AND FITNESS F
      +                          OR
    36                           ; PURPOSE ARE DISCLAIMED.  IN NO EVENT SHALL MICROCHIP BE LIABLE FOR ANY DIRECT, INDIREC
      +                          T,
    37                           ; INCIDENTAL, SPECIAL, EXEMPLARY, OR CONSEQUENTIAL DAMAGES (INCLUDING BUT NOT LIMITED TO
    38                           ; PROCUREMENT OF SUBSTITUTE GOODS OR SERVICES; LOSS OF USE, DATA OR PROFITS; OR BUSINESS
    39                           ; INTERRUPTION) HOWSOEVER CAUSED AND ON ANY THEORY OF LIABILITY, WHETHER IN CONTRACT, ST
      +                          RICT
    40                           ; LIABILITY, OR TORT (INCLUDING NEGLIGENCE OR OTHERWISE) ARISING IN ANY WAY OUT OF THE U
      +                          SE OF
    41                           ; THIS SOFTWARE, EVEN IF ADVISED OF THE POSSIBILITY OF SUCH DAMAGE.
    42                           ; 
    43                           ; 
    44                           ; Code-generator required, PIC16F887 Definitions
    45                           ; 
    46                           ; SFR Addresses
    47  0000                     	;# 
    48  0001                     	;# 
    49  0002                     	;# 
    50  0003                     	;# 
    51  0004                     	;# 
    52  0005                     	;# 
    53  0006                     	;# 
    54  0007                     	;# 
    55  0008                     	;# 
    56  0009                     	;# 
    57  000A                     	;# 
    58  000B                     	;# 
    59  000C                     	;# 
    60  000D                     	;# 
    61  000E                     	;# 
    62  000E                     	;# 
    63  000F                     	;# 
    64  0010                     	;# 
    65  0011                     	;# 
    66  0012                     	;# 
    67  0013                     	;# 
    68  0014                     	;# 
    69  0015                     	;# 
    70  0015                     	;# 
    71  0016                     	;# 
    72  0017                     	;# 
    73  0018                     	;# 
    74  0019                     	;# 
    75  001A                     	;# 
    76  001B                     	;# 
    77  001B                     	;# 
    78  001C                     	;# 
    79  001D                     	;# 
    80  001E                     	;# 
    81  001F                     	;# 
    82  0081                     	;# 
    83  0085                     	;# 
    84  0086                     	;# 
    85  0087                     	;# 
    86  0088                     	;# 
    87  0089                     	;# 
    88  008C                     	;# 
    89  008D                     	;# 
    90  008E                     	;# 
    91  008F                     	;# 
    92  0090                     	;# 
    93  0091                     	;# 
    94  0092                     	;# 
    95  0093                     	;# 
    96  0093                     	;# 
    97  0093                     	;# 
    98  0094                     	;# 
    99  0095                     	;# 
   100  0096                     	;# 
   101  0097                     	;# 
   102  0098                     	;# 
   103  0099                     	;# 
   104  009A                     	;# 
   105  009B                     	;# 
   106  009C                     	;# 
   107  009D                     	;# 
   108  009E                     	;# 
   109  009F                     	;# 
   110  0105                     	;# 
   111  0107                     	;# 
   112  0108                     	;# 
   113  0109                     	;# 
   114  010C                     	;# 
   115  010C                     	;# 
   116  010D                     	;# 
   117  010E                     	;# 
   118  010F                     	;# 
   119  0185                     	;# 
   120  0187                     	;# 
   121  0188                     	;# 
   122  0189                     	;# 
   123  018C                     	;# 
   124  018D                     	;# 
   125  0000                     	;# 
   126  0001                     	;# 
   127  0002                     	;# 
   128  0003                     	;# 
   129  0004                     	;# 
   130  0005                     	;# 
   131  0006                     	;# 
   132  0007                     	;# 
   133  0008                     	;# 
   134  0009                     	;# 
   135  000A                     	;# 
   136  000B                     	;# 
   137  000C                     	;# 
   138  000D                     	;# 
   139  000E                     	;# 
   140  000E                     	;# 
   141  000F                     	;# 
   142  0010                     	;# 
   143  0011                     	;# 
   144  0012                     	;# 
   145  0013                     	;# 
   146  0014                     	;# 
   147  0015                     	;# 
   148  0015                     	;# 
   149  0016                     	;# 
   150  0017                     	;# 
   151  0018                     	;# 
   152  0019                     	;# 
   153  001A                     	;# 
   154  001B                     	;# 
   155  001B                     	;# 
   156  001C                     	;# 
   157  001D                     	;# 
   158  001E                     	;# 
   159  001F                     	;# 
   160  0081                     	;# 
   161  0085                     	;# 
   162  0086                     	;# 
   163  0087                     	;# 
   164  0088                     	;# 
   165  0089                     	;# 
   166  008C                     	;# 
   167  008D                     	;# 
   168  008E                     	;# 
   169  008F                     	;# 
   170  0090                     	;# 
   171  0091                     	;# 
   172  0092                     	;# 
   173  0093                     	;# 
   174  0093                     	;# 
   175  0093                     	;# 
   176  0094                     	;# 
   177  0095                     	;# 
   178  0096                     	;# 
   179  0097                     	;# 
   180  0098                     	;# 
   181  0099                     	;# 
   182  009A                     	;# 
   183  009B                     	;# 
   184  009C                     	;# 
   185  009D                     	;# 
   186  009E                     	;# 
   187  009F                     	;# 
   188  0105                     	;# 
   189  0107                     	;# 
   190  0108                     	;# 
   191  0109                     	;# 
   192  010C                     	;# 
   193  010C                     	;# 
   194  010D                     	;# 
   195  010E                     	;# 
   196  010F                     	;# 
   197  0185                     	;# 
   198  0187                     	;# 
   199  0188                     	;# 
   200  0189                     	;# 
   201  018C                     	;# 
   202  018D                     	;# 
   203  000B                     _INTCONbits	set	11
   204  0012                     _T2CONbits	set	18
   205  0007                     _PORTC	set	7
   206  0005                     _PORTA	set	5
   207  001D                     _CCP2CONbits	set	29
   208  001B                     _CCPR2L	set	27
   209  0006                     _PORTBbits	set	6
   210  0017                     _CCP1CONbits	set	23
   211  0015                     _CCPR1L	set	21
   212  001E                     _ADRESH	set	30
   213  0006                     _PORTB	set	6
   214  000C                     _PIR1bits	set	12
   215  001F                     _ADCON0bits	set	31
   216  008C                     _PIE1bits	set	140
   217  0092                     _PR2	set	146
   218  009F                     _ADCON1bits	set	159
   219  0087                     _TRISC	set	135
   220  0086                     _TRISB	set	134
   221  0085                     _TRISA	set	133
   222  008F                     _OSCCONbits	set	143
   223  009E                     _ADRESL	set	158
   224  0188                     _ANSEL	set	392
   225  0189                     _ANSELH	set	393
   226                           
   227                           	psect	cinit
   228  000F                     start_initialization:	
   229                           ; #config settings
   230                           
   231  000F                     __initialization:
   232  000F                     end_of_initialization:	
   233                           ;End of C runtime variable initialization code
   234                           
   235  000F                     __end_of__initialization:
   236  000F  0183               	clrf	3
   237  0010  120A  118A  28CC   	ljmp	_main	;jump to C main() function
   238                           
   239                           	psect	cstackCOMMON
   240  0070                     __pcstackCOMMON:
   241  0070                     ?_setup:
   242  0070                     ?_main:	
   243                           ; 1 bytes @ 0x0
   244                           
   245  0070                     ?_isr:	
   246                           ; 1 bytes @ 0x0
   247                           
   248  0070                     ??_isr:	
   249                           ; 1 bytes @ 0x0
   250                           
   251                           
   252                           ; 1 bytes @ 0x0
   253  0070                     	ds	4
   254  0074                     ??_setup:
   255                           
   256                           ; 1 bytes @ 0x4
   257  0074                     	ds	1
   258  0075                     ??_main:
   259                           
   260                           ; 1 bytes @ 0x5
   261  0075                     	ds	1
   262                           
   263                           	psect	maintext
   264  00CC                     __pmaintext:	
   265 ;;
   266 ;;Main: autosize = 0, tempsize = 1, incstack = 0, save=0
   267 ;;
   268 ;; *************** function _main *****************
   269 ;; Defined at:
   270 ;;		line 62 in file "Lab09.c"
   271 ;; Parameters:    Size  Location     Type
   272 ;;		None
   273 ;; Auto vars:     Size  Location     Type
   274 ;;		None
   275 ;; Return value:  Size  Location     Type
   276 ;;                  1    wreg      void 
   277 ;; Registers used:
   278 ;;		wreg, status,2, status,0, pclath, cstack
   279 ;; Tracked objects:
   280 ;;		On entry : B00/0
   281 ;;		On exit  : 0/0
   282 ;;		Unchanged: 0/0
   283 ;; Data sizes:     COMMON   BANK0   BANK1   BANK3   BANK2
   284 ;;      Params:         0       0       0       0       0
   285 ;;      Locals:         0       0       0       0       0
   286 ;;      Temps:          1       0       0       0       0
   287 ;;      Totals:         1       0       0       0       0
   288 ;;Total ram usage:        1 bytes
   289 ;; Hardware stack levels required when called:    2
   290 ;; This function calls:
   291 ;;		_setup
   292 ;; This function is called by:
   293 ;;		Startup code after reset
   294 ;; This function uses a non-reentrant model
   295 ;;
   296                           
   297                           
   298                           ;psect for function _main
   299  00CC                     _main:
   300  00CC                     l715:	
   301                           ;incstack = 0
   302                           ; Regs used in _main: [wreg+status,2+status,0+pclath+cstack]
   303                           
   304                           
   305                           ;Lab09.c: 63:     TRISB = 0x00;
   306  00CC  120A  118A  2077  120A  118A  	fcall	_setup
   307  00D1                     l717:
   308                           
   309                           ;Lab09.c: 64:     TRISC = 0x00;
   310  00D1  1283               	bcf	3,5	;RP0=0, select bank0
   311  00D2  1303               	bcf	3,6	;RP1=0, select bank0
   312  00D3  149F               	bsf	31,1	;volatile
   313  00D4                     l719:
   314                           
   315                           ;Lab09.c: 66:     PORTA = 0x00;;Lab09.c: 67:     PORTB = 0x00;
   316  00D4  189F               	btfsc	31,1	;volatile
   317  00D5  28D7               	goto	u21
   318  00D6  28D8               	goto	u20
   319  00D7                     u21:
   320  00D7  28D4               	goto	l719
   321  00D8                     u20:
   322  00D8                     l721:
   323                           
   324                           ;Lab09.c: 68:     PORTC = 0x00;
   325  00D8  0C1F               	rrf	31,w	;volatile
   326  00D9  00F5               	movwf	??_main
   327  00DA  0C75               	rrf	??_main,w
   328  00DB  390F               	andlw	15
   329  00DC  3A00               	xorlw	0
   330  00DD  1D03               	skipz
   331  00DE  28E0               	goto	u31
   332  00DF  28E1               	goto	u30
   333  00E0                     u31:
   334  00E0  28E6               	goto	l725
   335  00E1                     u30:
   336  00E1                     l723:
   337                           
   338                           ;Lab09.c: 69: 
   339  00E1  081F               	movf	31,w	;volatile
   340  00E2  39C3               	andlw	-61
   341  00E3  3804               	iorlw	4
   342  00E4  009F               	movwf	31	;volatile
   343  00E5  28E8               	goto	l727
   344  00E6                     l725:
   345                           
   346                           ;Lab09.c: 71:     ADCON1bits.ADFM = 0;
   347  00E6  30C3               	movlw	-61
   348  00E7  059F               	andwf	31,f	;volatile
   349  00E8                     l727:
   350                           
   351                           ;Lab09.c: 73:     ADCON1bits.VCFG1 = 0;
   352  00E8  3014               	movlw	20
   353  00E9  00F5               	movwf	??_main
   354  00EA                     u127:
   355  00EA  0BF5               	decfsz	??_main,f
   356  00EB  28EA               	goto	u127
   357  00EC  0000               	nop
   358  00ED                     l729:
   359                           
   360                           ;Lab09.c: 74: 
   361  00ED  1283               	bcf	3,5	;RP0=0, select bank0
   362  00EE  1303               	bcf	3,6	;RP1=0, select bank0
   363  00EF  149F               	bsf	31,1	;volatile
   364  00F0  28D4               	goto	l719
   365  00F1  120A  118A  280C   	ljmp	start
   366  00F4                     __end_of_main:
   367                           
   368                           	psect	text1
   369  0077                     __ptext1:	
   370 ;; *************** function _setup *****************
   371 ;; Defined at:
   372 ;;		line 103 in file "Lab09.c"
   373 ;; Parameters:    Size  Location     Type
   374 ;;		None
   375 ;; Auto vars:     Size  Location     Type
   376 ;;		None
   377 ;; Return value:  Size  Location     Type
   378 ;;                  1    wreg      void 
   379 ;; Registers used:
   380 ;;		wreg, status,2, status,0
   381 ;; Tracked objects:
   382 ;;		On entry : 0/0
   383 ;;		On exit  : 0/0
   384 ;;		Unchanged: 0/0
   385 ;; Data sizes:     COMMON   BANK0   BANK1   BANK3   BANK2
   386 ;;      Params:         0       0       0       0       0
   387 ;;      Locals:         0       0       0       0       0
   388 ;;      Temps:          1       0       0       0       0
   389 ;;      Totals:         1       0       0       0       0
   390 ;;Total ram usage:        1 bytes
   391 ;; Hardware stack levels used:    1
   392 ;; Hardware stack levels required when called:    1
   393 ;; This function calls:
   394 ;;		Nothing
   395 ;; This function is called by:
   396 ;;		_main
   397 ;; This function uses a non-reentrant model
   398 ;;
   399                           
   400                           
   401                           ;psect for function _setup
   402  0077                     _setup:
   403  0077                     l667:	
   404                           ;incstack = 0
   405                           ; Regs used in _setup: [wreg+status,2+status,0]
   406                           
   407                           
   408                           ;Lab09.c: 106:  }
   409  0077  1683               	bsf	3,5	;RP0=1, select bank1
   410  0078  1303               	bcf	3,6	;RP1=0, select bank1
   411  0079  170F               	bsf	15,6	;volatile
   412  007A  168F               	bsf	15,5	;volatile
   413  007B  160F               	bsf	15,4	;volatile
   414  007C  140F               	bsf	15,0	;volatile
   415  007D                     l669:
   416  007D  1683               	bsf	3,5	;RP0=1, select bank3
   417  007E  1703               	bsf	3,6	;RP1=1, select bank3
   418  007F  0189               	clrf	9	;volatile
   419  0080                     l671:
   420  0080  3003               	movlw	3
   421  0081  0088               	movwf	8	;volatile
   422  0082                     l673:
   423  0082  3003               	movlw	3
   424  0083  1683               	bsf	3,5	;RP0=1, select bank1
   425  0084  1303               	bcf	3,6	;RP1=0, select bank1
   426  0085  0085               	movwf	5	;volatile
   427  0086  0186               	clrf	6	;volatile
   428  0087  0187               	clrf	7	;volatile
   429  0088  1283               	bcf	3,5	;RP0=0, select bank0
   430  0089  1303               	bcf	3,6	;RP1=0, select bank0
   431  008A  0185               	clrf	5	;volatile
   432  008B  0186               	clrf	6	;volatile
   433  008C  0187               	clrf	7	;volatile
   434  008D                     l675:
   435  008D  1683               	bsf	3,5	;RP0=1, select bank1
   436  008E  1303               	bcf	3,6	;RP1=0, select bank1
   437  008F  139F               	bcf	31,7	;volatile
   438  0090                     l677:
   439  0090  121F               	bcf	31,4	;volatile
   440  0091                     l679:
   441  0091  129F               	bcf	31,5	;volatile
   442  0092                     l681:
   443  0092  1283               	bcf	3,5	;RP0=0, select bank0
   444  0093  1303               	bcf	3,6	;RP1=0, select bank0
   445  0094  081F               	movf	31,w	;volatile
   446  0095  393F               	andlw	-193
   447  0096  3880               	iorlw	128
   448  0097  009F               	movwf	31	;volatile
   449  0098                     l683:
   450  0098  30C3               	movlw	-61
   451  0099  059F               	andwf	31,f	;volatile
   452  009A                     l685:
   453  009A  3014               	movlw	20
   454  009B  00F4               	movwf	??_setup
   455  009C                     u137:
   456  009C  0BF4               	decfsz	??_setup,f
   457  009D  289C               	goto	u137
   458  009E  0000               	nop
   459  009F                     l687:
   460  009F  1283               	bcf	3,5	;RP0=0, select bank0
   461  00A0  1303               	bcf	3,6	;RP1=0, select bank0
   462  00A1  141F               	bsf	31,0	;volatile
   463  00A2                     l689:
   464  00A2  30FA               	movlw	250
   465  00A3  1683               	bsf	3,5	;RP0=1, select bank1
   466  00A4  1303               	bcf	3,6	;RP1=0, select bank1
   467  00A5  0092               	movwf	18	;volatile
   468  00A6                     l691:
   469  00A6  303F               	movlw	-193
   470  00A7  1283               	bcf	3,5	;RP0=0, select bank0
   471  00A8  1303               	bcf	3,6	;RP1=0, select bank0
   472  00A9  0597               	andwf	23,f	;volatile
   473  00AA                     l693:
   474  00AA  0817               	movf	23,w	;volatile
   475  00AB  39F0               	andlw	-16
   476  00AC  380C               	iorlw	12
   477  00AD  0097               	movwf	23	;volatile
   478  00AE                     l695:
   479  00AE  081D               	movf	29,w	;volatile
   480  00AF  39F0               	andlw	-16
   481  00B0  380C               	iorlw	12
   482  00B1  009D               	movwf	29	;volatile
   483  00B2                     l697:
   484  00B2  300F               	movlw	15
   485  00B3  0095               	movwf	21	;volatile
   486  00B4                     l699:
   487  00B4  300F               	movlw	15
   488  00B5  009B               	movwf	27	;volatile
   489  00B6                     l701:
   490  00B6  30CF               	movlw	-49
   491  00B7  0597               	andwf	23,f	;volatile
   492  00B8                     l703:
   493  00B8  129D               	bcf	29,5	;volatile
   494  00B9                     l705:
   495  00B9  121D               	bcf	29,4	;volatile
   496  00BA                     l707:
   497  00BA  108C               	bcf	12,1	;volatile
   498  00BB                     l709:
   499  00BB  1492               	bsf	18,1	;volatile
   500  00BC                     l711:
   501  00BC  1412               	bsf	18,0	;volatile
   502  00BD                     l713:
   503  00BD  1512               	bsf	18,2	;volatile
   504  00BE                     l72:
   505  00BE  1C8C               	btfss	12,1	;volatile
   506  00BF  28C1               	goto	u11
   507  00C0  28C2               	goto	u10
   508  00C1                     u11:
   509  00C1  28BE               	goto	l72
   510  00C2                     u10:
   511  00C2                     l74:
   512  00C2  108C               	bcf	12,1	;volatile
   513  00C3  178B               	bsf	11,7	;volatile
   514  00C4  170B               	bsf	11,6	;volatile
   515  00C5  1683               	bsf	3,5	;RP0=1, select bank1
   516  00C6  1303               	bcf	3,6	;RP1=0, select bank1
   517  00C7  170C               	bsf	12,6	;volatile
   518  00C8  1283               	bcf	3,5	;RP0=0, select bank0
   519  00C9  1303               	bcf	3,6	;RP1=0, select bank0
   520  00CA  130C               	bcf	12,6	;volatile
   521  00CB                     l75:
   522  00CB  0008               	return
   523  00CC                     __end_of_setup:
   524                           
   525                           	psect	text2
   526  0013                     __ptext2:	
   527 ;; *************** function _isr *****************
   528 ;; Defined at:
   529 ;;		line 80 in file "Lab09.c"
   530 ;; Parameters:    Size  Location     Type
   531 ;;		None
   532 ;; Auto vars:     Size  Location     Type
   533 ;;		None
   534 ;; Return value:  Size  Location     Type
   535 ;;                  1    wreg      void 
   536 ;; Registers used:
   537 ;;		wreg, status,2, status,0
   538 ;; Tracked objects:
   539 ;;		On entry : 0/0
   540 ;;		On exit  : 0/0
   541 ;;		Unchanged: 0/0
   542 ;; Data sizes:     COMMON   BANK0   BANK1   BANK3   BANK2
   543 ;;      Params:         0       0       0       0       0
   544 ;;      Locals:         0       0       0       0       0
   545 ;;      Temps:          4       0       0       0       0
   546 ;;      Totals:         4       0       0       0       0
   547 ;;Total ram usage:        4 bytes
   548 ;; Hardware stack levels used:    1
   549 ;; This function calls:
   550 ;;		Nothing
   551 ;; This function is called by:
   552 ;;		Interrupt level 1
   553 ;; This function uses a non-reentrant model
   554 ;;
   555                           
   556                           
   557                           ;psect for function _isr
   558  0013                     _isr:
   559  0013                     i1l731:
   560                           
   561                           ;Lab09.c: 82:     CCP1CONbits.P1M = 0;
   562  0013  1283               	bcf	3,5	;RP0=0, select bank0
   563  0014  1303               	bcf	3,6	;RP1=0, select bank0
   564  0015  1F0C               	btfss	12,6	;volatile
   565  0016  2818               	goto	u4_21
   566  0017  2819               	goto	u4_20
   567  0018                     u4_21:
   568  0018  2870               	goto	i1l69
   569  0019                     u4_20:
   570  0019                     i1l733:
   571                           
   572                           ;Lab09.c: 83:     CCP1CONbits.CCP1M = 0b00001100;
   573  0019  0C1F               	rrf	31,w	;volatile
   574  001A  00F0               	movwf	??_isr
   575  001B  0C70               	rrf	??_isr,w
   576  001C  390F               	andlw	15
   577  001D  3A00               	xorlw	0
   578  001E  1D03               	skipz
   579  001F  2821               	goto	u5_21
   580  0020  2822               	goto	u5_20
   581  0021                     u5_21:
   582  0021  2849               	goto	i1l743
   583  0022                     u5_20:
   584  0022                     i1l735:
   585                           
   586                           ;Lab09.c: 84:     CCP2CONbits.CCP2M = 0b00001100;
   587  0022  081E               	movf	30,w	;volatile
   588  0023  0086               	movwf	6	;volatile
   589  0024                     i1l737:
   590                           
   591                           ;Lab09.c: 85: 
   592  0024  0806               	movf	6,w	;volatile
   593  0025  00F0               	movwf	??_isr
   594  0026  1003               	clrc
   595  0027  0C70               	rrf	??_isr,w
   596  0028  3E80               	addlw	128
   597  0029  0095               	movwf	21	;volatile
   598  002A                     i1l739:
   599                           
   600                           ;Lab09.c: 86:     CCPR1L = 0x0F;
   601  002A  1806               	btfsc	6,0	;volatile
   602  002B  282D               	goto	u6_21
   603  002C  2831               	goto	u6_20
   604  002D                     u6_21:
   605  002D  1283               	bcf	3,5	;RP0=0, select bank0
   606  002E  1303               	bcf	3,6	;RP1=0, select bank0
   607  002F  1697               	bsf	23,5	;volatile
   608  0030  2834               	goto	u7_24
   609  0031                     u6_20:
   610  0031  1283               	bcf	3,5	;RP0=0, select bank0
   611  0032  1303               	bcf	3,6	;RP1=0, select bank0
   612  0033  1297               	bcf	23,5	;volatile
   613  0034                     u7_24:
   614  0034                     i1l741:
   615                           
   616                           ;Lab09.c: 87:     CCPR2L = 0x0F;
   617  0034  1683               	bsf	3,5	;RP0=1, select bank1
   618  0035  1303               	bcf	3,6	;RP1=0, select bank1
   619  0036  081E               	movf	30,w	;volatile
   620  0037  00F0               	movwf	??_isr
   621  0038  3007               	movlw	7
   622  0039                     u8_25:
   623  0039  1003               	clrc
   624  003A  0CF0               	rrf	??_isr,f
   625  003B  3EFF               	addlw	-1
   626  003C  1D03               	skipz
   627  003D  2839               	goto	u8_25
   628  003E  0870               	movf	??_isr,w
   629  003F  00F1               	movwf	??_isr+1
   630  0040  0EF1               	swapf	??_isr+1,f
   631  0041  1283               	bcf	3,5	;RP0=0, select bank0
   632  0042  1303               	bcf	3,6	;RP1=0, select bank0
   633  0043  0817               	movf	23,w	;volatile
   634  0044  0671               	xorwf	??_isr+1,w
   635  0045  39EF               	andlw	-17
   636  0046  0671               	xorwf	??_isr+1,w
   637  0047  0097               	movwf	23	;volatile
   638  0048  286F               	goto	i1l751
   639  0049                     i1l743:
   640                           
   641                           ;Lab09.c: 90:     CCP2CONbits.DC2B0 = 0;
   642  0049  081E               	movf	30,w	;volatile
   643  004A  0086               	movwf	6	;volatile
   644  004B                     i1l745:
   645                           
   646                           ;Lab09.c: 91: 
   647  004B  0806               	movf	6,w	;volatile
   648  004C  00F0               	movwf	??_isr
   649  004D  1003               	clrc
   650  004E  0C70               	rrf	??_isr,w
   651  004F  3E80               	addlw	128
   652  0050  009B               	movwf	27	;volatile
   653  0051                     i1l747:
   654                           
   655                           ;Lab09.c: 92:     PIR1bits.TMR2IF = 0;
   656  0051  1806               	btfsc	6,0	;volatile
   657  0052  2854               	goto	u9_21
   658  0053  2858               	goto	u9_20
   659  0054                     u9_21:
   660  0054  1283               	bcf	3,5	;RP0=0, select bank0
   661  0055  1303               	bcf	3,6	;RP1=0, select bank0
   662  0056  169D               	bsf	29,5	;volatile
   663  0057  285B               	goto	u10_24
   664  0058                     u9_20:
   665  0058  1283               	bcf	3,5	;RP0=0, select bank0
   666  0059  1303               	bcf	3,6	;RP1=0, select bank0
   667  005A  129D               	bcf	29,5	;volatile
   668  005B                     u10_24:
   669  005B                     i1l749:
   670                           
   671                           ;Lab09.c: 93:     T2CONbits.T2CKPS1 = 1;
   672  005B  1683               	bsf	3,5	;RP0=1, select bank1
   673  005C  1303               	bcf	3,6	;RP1=0, select bank1
   674  005D  081E               	movf	30,w	;volatile
   675  005E  00F0               	movwf	??_isr
   676  005F  3007               	movlw	7
   677  0060                     u11_25:
   678  0060  1003               	clrc
   679  0061  0CF0               	rrf	??_isr,f
   680  0062  3EFF               	addlw	-1
   681  0063  1D03               	skipz
   682  0064  2860               	goto	u11_25
   683  0065  0870               	movf	??_isr,w
   684  0066  00F1               	movwf	??_isr+1
   685  0067  0EF1               	swapf	??_isr+1,f
   686  0068  1283               	bcf	3,5	;RP0=0, select bank0
   687  0069  1303               	bcf	3,6	;RP1=0, select bank0
   688  006A  081D               	movf	29,w	;volatile
   689  006B  0671               	xorwf	??_isr+1,w
   690  006C  39EF               	andlw	-17
   691  006D  0671               	xorwf	??_isr+1,w
   692  006E  009D               	movwf	29	;volatile
   693  006F                     i1l751:
   694                           
   695                           ;Lab09.c: 95:     T2CONbits.TMR2ON = 1;
   696  006F  130C               	bcf	12,6	;volatile
   697  0070                     i1l69:
   698  0070  0873               	movf	??_isr+3,w
   699  0071  008A               	movwf	10
   700  0072  0E72               	swapf	??_isr+2,w
   701  0073  0083               	movwf	3
   702  0074  0EFE               	swapf	btemp,f
   703  0075  0E7E               	swapf	btemp,w
   704  0076  0009               	retfie
   705  0077                     __end_of_isr:
   706  007E                     btemp	set	126	;btemp
   707  007E                     wtemp0	set	126
   708                           
   709                           	psect	intentry
   710  0004                     __pintentry:	
   711                           ;incstack = 0
   712                           ; Regs used in _isr: [wreg+status,2+status,0]
   713                           
   714  0004                     interrupt_function:
   715  007E                     saved_w	set	btemp
   716  0004  00FE               	movwf	btemp
   717  0005  0E03               	swapf	3,w
   718  0006  00F2               	movwf	??_isr+2
   719  0007  080A               	movf	10,w
   720  0008  00F3               	movwf	??_isr+3
   721  0009  120A  118A  2813   	ljmp	_isr
   722                           
   723                           	psect	config
   724                           
   725                           ;Config register CONFIG1 @ 0x2007
   726                           ;	Oscillator Selection bits
   727                           ;	FOSC = INTRC_NOCLKOUT, INTOSCIO oscillator: I/O function on RA6/OSC2/CLKOUT pin, I/O f
      +                          unction on RA7/OSC1/CLKIN
   728                           ;	Watchdog Timer Enable bit
   729                           ;	WDTE = OFF, WDT disabled and can be enabled by SWDTEN bit of the WDTCON register
   730                           ;	Power-up Timer Enable bit
   731                           ;	PWRTE = ON, PWRT enabled
   732                           ;	RE3/MCLR pin function select bit
   733                           ;	MCLRE = OFF, RE3/MCLR pin function is digital input, MCLR internally tied to VDD
   734                           ;	Code Protection bit
   735                           ;	CP = OFF, Program memory code protection is disabled
   736                           ;	Data Code Protection bit
   737                           ;	CPD = OFF, Data memory code protection is disabled
   738                           ;	Brown Out Reset Selection bits
   739                           ;	BOREN = OFF, BOR disabled
   740                           ;	Internal External Switchover bit
   741                           ;	IESO = OFF, Internal/External Switchover mode is disabled
   742                           ;	Fail-Safe Clock Monitor Enabled bit
   743                           ;	FCMEN = OFF, Fail-Safe Clock Monitor is disabled
   744                           ;	Low Voltage Programming Enable bit
   745                           ;	LVP = ON, RB3/PGM pin has PGM function, low voltage programming enabled
   746                           ;	In-Circuit Debugger Mode bit
   747                           ;	DEBUG = 0x1, unprogrammed default
   748  2007                     	org	8199
   749  2007  30C4               	dw	12484
   750                           
   751                           ;Config register CONFIG2 @ 0x2008
   752                           ;	Brown-out Reset Selection bit
   753                           ;	BOR4V = BOR40V, Brown-out Reset set to 4.0V
   754                           ;	Flash Program Memory Self Write Enable bits
   755                           ;	WRT = OFF, Write protection off
   756  2008                     	org	8200
   757  2008  3FFF               	dw	16383

Data Sizes:
    Strings     0
    Constant    0
    Data        0
    BSS         0
    Persistent  0
    Stack       0

Auto Spaces:
    Space          Size  Autos    Used
    COMMON           14      6       6
    BANK0            80      0       0
    BANK1            80      0       0
    BANK3            96      0       0
    BANK2            96      0       0

Pointer List with Targets:

    None.

Critical Paths under _main in COMMON

    _main->_setup

Critical Paths under _isr in COMMON

    None.

Critical Paths under _main in BANK0

    None.

Critical Paths under _isr in BANK0

    None.

Critical Paths under _main in BANK1

    None.

Critical Paths under _isr in BANK1

    None.

Critical Paths under _main in BANK3

    None.

Critical Paths under _isr in BANK3

    None.

Critical Paths under _main in BANK2

    None.

Critical Paths under _isr in BANK2

    None.

Call Graph Tables:

 ---------------------------------------------------------------------------------
 (Depth) Function   	        Calls       Base Space   Used Autos Params    Refs
 ---------------------------------------------------------------------------------
 (0) _main                                                 1     1      0       0
                                              5 COMMON     1     1      0
                              _setup
 ---------------------------------------------------------------------------------
 (1) _setup                                                1     1      0       0
                                              4 COMMON     1     1      0
 ---------------------------------------------------------------------------------
 Estimated maximum stack depth 1
 ---------------------------------------------------------------------------------
 (Depth) Function   	        Calls       Base Space   Used Autos Params    Refs
 ---------------------------------------------------------------------------------
 (2) _isr                                                  4     4      0       0
                                              0 COMMON     4     4      0
 ---------------------------------------------------------------------------------
 Estimated maximum stack depth 2
 ---------------------------------------------------------------------------------

 Call Graph Graphs:

 _main (ROOT)
   _setup

 _isr (ROOT)

 Address spaces:
Name               Size   Autos  Total    Cost      Usage
BITCOMMON            E      0       0       0        0.0%
EEDATA             100      0       0       0        0.0%
NULL                 0      0       0       0        0.0%
CODE                 0      0       0       0        0.0%
COMMON               E      6       6       1       42.9%
BITSFR0              0      0       0       1        0.0%
SFR0                 0      0       0       1        0.0%
BITSFR1              0      0       0       2        0.0%
SFR1                 0      0       0       2        0.0%
STACK                0      0       0       2        0.0%
ABS                  0      0       0       3        0.0%
BITBANK0            50      0       0       4        0.0%
BITSFR3              0      0       0       4        0.0%
SFR3                 0      0       0       4        0.0%
BANK0               50      0       0       5        0.0%
BITSFR2              0      0       0       5        0.0%
SFR2                 0      0       0       5        0.0%
BITBANK1            50      0       0       6        0.0%
BANK1               50      0       0       7        0.0%
BITBANK3            60      0       0       8        0.0%
BANK3               60      0       0       9        0.0%
BITBANK2            60      0       0      10        0.0%
BANK2               60      0       0      11        0.0%
DATA                 0      0       0      12        0.0%


Microchip Technology PIC Macro Assembler V2.31 build 20201012212115 
Symbol Table                                                                                   Tue Apr 27 07:25:33 2021

                     l72 00BE                       l74 00C2                       l75 00CB  
                     u10 00C2                       u11 00C1                       u20 00D8  
                     u21 00D7                       u30 00E1                       u31 00E0  
                    l701 00B6                      l711 00BC                      l703 00B8  
                    l713 00BD                      l705 00B9                      l721 00D8  
                    l707 00BA                      l723 00E1                      l715 00CC  
                    l709 00BB                      l725 00E6                      l717 00D1  
                    l671 0080                      l727 00E8                      l719 00D4  
                    l681 0092                      l673 0082                      l729 00ED  
                    l691 00A6                      l683 0098                      l675 008D  
                    l667 0077                      l693 00AA                      l685 009A  
                    l677 0090                      l669 007D                      l695 00AE  
                    l687 009F                      l679 0091                      l697 00B2  
                    l689 00A2                      l699 00B4                      u127 00EA  
                    u137 009C                      _PR2 0092                      _isr 0013  
                   ?_isr 0070                     i1l69 0070                     u4_20 0019  
                   u4_21 0018                     u5_20 0022                     u5_21 0021  
                   u6_20 0031                     u6_21 002D                     u7_24 0034  
                   u8_25 0039                     u9_20 0058                     u9_21 0054  
                   _main 00CC                     btemp 007E                     start 000C  
                  ??_isr 0070                    ?_main 0070                    _ANSEL 0188  
                  i1l731 0013                    i1l741 0034                    i1l733 0019  
                  i1l751 006F                    i1l735 0022                    i1l743 0049  
                  i1l745 004B                    i1l737 0024                    i1l747 0051  
                  i1l739 002A                    i1l749 005B                    u10_24 005B  
                  u11_25 0060                    _PORTA 0005                    _PORTB 0006  
                  _PORTC 0007                    _TRISA 0085                    _TRISB 0086  
                  _TRISC 0087                    _setup 0077                    pclath 000A  
                  status 0003                    wtemp0 007E          __initialization 000F  
           __end_of_main 00F4                   ??_main 0075                   _ADRESH 001E  
                 _ADRESL 009E                   _CCPR1L 0015                   _CCPR2L 001B  
                 ?_setup 0070                   _ANSELH 0189                   saved_w 007E  
__end_of__initialization 000F           __pcstackCOMMON 0070            __end_of_setup 00CC  
                ??_setup 0074               __pmaintext 00CC               __pintentry 0004  
                __ptext1 0077                  __ptext2 0013                _T2CONbits 0012  
           __size_of_isr 0064     end_of_initialization 000F                _PORTBbits 0006  
            _CCP1CONbits 0017              _CCP2CONbits 001D      start_initialization 000F  
            __end_of_isr 0077                ___latbits 0002           __size_of_setup 0055  
      interrupt_function 0004                 _PIE1bits 008C                 _PIR1bits 000C  
             _ADCON0bits 001F               _ADCON1bits 009F            __size_of_main 0028  
             _INTCONbits 000B                 intlevel1 0000               _OSCCONbits 008F  
